                                                                                      QUERY PLAN                                                                                       
---------------------------------------------------------------------------------------------------------------------------------------------------------------------------------------
 GroupAggregate  (cost=42388.57..44282.74 rows=75767 width=65) (actual time=570.230..661.194 rows=5797 loops=1)
   Group Key: m.date, i.movie_id, i.name
   Buffers: shared hit=38375 read=5245, temp read=2628 written=2675
   ->  Sort  (cost=42388.57..42577.99 rows=75767 width=51) (actual time=570.121..603.008 rows=79723 loops=1)
         Sort Key: m.date DESC, i.movie_id, i.name
         Sort Method: external merge  Disk: 5000kB
         Buffers: shared hit=38371 read=5245, temp read=2628 written=2675
         ->  Gather  (cost=11548.26..33657.93 rows=75767 width=51) (actual time=369.223..514.948 rows=79723 loops=1)
               Workers Planned: 1
               Workers Launched: 1
               Buffers: shared hit=38371 read=5245, temp read=2003 written=2048
               ->  Parallel Hash Join  (cost=10548.26..25081.23 rows=44569 width=51) (actual time=364.200..414.086 rows=39862 loops=2)
                     Hash Cond: (c.person_id = p.id)
                     Buffers: shared hit=38371 read=5245, temp read=2003 written=2048
                     ->  Nested Loop  (cost=4271.99..16981.96 rows=44569 width=45) (actual time=28.354..159.386 rows=39862 loops=2)
                           Join Filter: (i.movie_id = c.movie_id)
                           Buffers: shared hit=38194 read=3563
                           ->  Parallel Hash Join  (cost=4271.56..6484.35 rows=3825 width=41) (actual time=28.303..48.762 rows=3192 loops=2)
                                 Hash Cond: (i.movie_id = m.id)
                                 Buffers: shared hit=562 read=350
                                 ->  Parallel Bitmap Heap Scan on movie_aliases_iso i  (cost=646.79..2806.51 rows=20218 width=29) (actual time=12.927..15.555 rows=17034 loops=2)
                                       Recheck Cond: (language = 'fr'::text)
                                       Heap Blocks: exact=125
                                       Buffers: shared hit=134 read=248
                                       ->  Bitmap Index Scan on teste_movie_aliases_iso_language  (cost=0.00..638.19 rows=34370 width=0) (actual time=2.502..2.503 rows=34069 loops=1)
                                             Index Cond: (language = 'fr'::text)
                                             Buffers: shared hit=1 read=96
                                 ->  Parallel Hash  (cost=3358.40..3358.40 rows=21310 width=12) (actual time=11.726..11.728 rows=18163 loops=2)
                                       Buckets: 65536  Batches: 1  Memory Usage: 2240kB
                                       Buffers: shared hit=428 read=102
                                       ->  Parallel Bitmap Heap Scan on movies m  (cost=775.75..3358.40 rows=21310 width=12) (actual time=1.135..7.844 rows=18163 loops=2)
                                             Recheck Cond: ((date >= '1970-09-15'::date) AND (date <= '1997-11-06'::date))
                                             Heap Blocks: exact=240
                                             Buffers: shared hit=428 read=102
                                             ->  Bitmap Index Scan on teste_movies_date  (cost=0.00..766.69 rows=36227 width=0) (actual time=2.174..2.174 rows=36326 loops=1)
                                                   Index Cond: ((date >= '1970-09-15'::date) AND (date <= '1997-11-06'::date))
                                                   Buffers: shared read=102
                           ->  Index Only Scan using casts_pkey on casts c  (cost=0.43..2.54 rows=16 width=20) (actual time=0.014..0.030 rows=12 loops=6385)
                                 Index Cond: (movie_id = m.id)
                                 Heap Fetches: 79723
                                 Buffers: shared hit=37632 read=3213
                     ->  Parallel Hash  (cost=3389.12..3389.12 rows=157212 width=22) (actual time=155.253..155.254 rows=133630 loops=2)
                           Buckets: 65536  Batches: 8  Memory Usage: 2464kB
                           Buffers: shared hit=135 read=1682, temp written=1336
                           ->  Parallel Seq Scan on people p  (cost=0.00..3389.12 rows=157212 width=22) (actual time=0.021..57.696 rows=133630 loops=2)
                                 Buffers: shared hit=135 read=1682
 Planning Time: 1.303 ms
 Execution Time: 663.177 ms
(48 rows)

