                                                                                       QUERY PLAN                                                                                        
-----------------------------------------------------------------------------------------------------------------------------------------------------------------------------------------
 GroupAggregate  (cost=42388.57..44282.74 rows=75767 width=65) (actual time=633.648..717.947 rows=5797 loops=1)
   Group Key: m.date, i.movie_id, i.name
   Buffers: shared hit=39075 read=4545 written=1, temp read=2630 written=2660
   ->  Sort  (cost=42388.57..42577.99 rows=75767 width=51) (actual time=633.548..665.736 rows=79723 loops=1)
         Sort Key: m.date DESC, i.movie_id, i.name
         Sort Method: external merge  Disk: 5008kB
         Buffers: shared hit=39071 read=4545 written=1, temp read=2630 written=2660
         ->  Gather  (cost=11548.26..33657.93 rows=75767 width=51) (actual time=392.492..563.550 rows=79723 loops=1)
               Workers Planned: 1
               Workers Launched: 1
               Buffers: shared hit=39071 read=4545 written=1, temp read=2004 written=2032
               ->  Parallel Hash Join  (cost=10548.26..25081.23 rows=44569 width=51) (actual time=387.240..439.896 rows=39862 loops=2)
                     Hash Cond: (c.person_id = p.id)
                     Buffers: shared hit=39071 read=4545 written=1, temp read=2004 written=2032
                     ->  Nested Loop  (cost=4271.99..16981.96 rows=44569 width=45) (actual time=42.593..203.002 rows=39862 loops=2)
                           Join Filter: (i.movie_id = c.movie_id)
                           Buffers: shared hit=38345 read=3412 written=1
                           ->  Parallel Hash Join  (cost=4271.56..6484.35 rows=3825 width=41) (actual time=42.544..59.491 rows=3192 loops=2)
                                 Hash Cond: (i.movie_id = m.id)
                                 Buffers: shared hit=714 read=198
                                 ->  Parallel Bitmap Heap Scan on movie_aliases_iso i  (cost=646.79..2806.51 rows=20218 width=29) (actual time=14.045..23.902 rows=17034 loops=2)
                                       Recheck Cond: (language = 'fr'::text)
                                       Heap Blocks: exact=152
                                       Buffers: shared hit=286 read=96
                                       ->  Bitmap Index Scan on teste_movie_aliases_iso_language  (cost=0.00..638.19 rows=34370 width=0) (actual time=13.781..13.782 rows=34069 loops=1)
                                             Index Cond: (language = 'fr'::text)
                                             Buffers: shared hit=1 read=96
                                 ->  Parallel Hash  (cost=3358.40..3358.40 rows=21310 width=12) (actual time=18.682..18.683 rows=18163 loops=2)
                                       Buckets: 65536  Batches: 1  Memory Usage: 2240kB
                                       Buffers: shared hit=428 read=102
                                       ->  Parallel Bitmap Heap Scan on movies m  (cost=775.75..3358.40 rows=21310 width=12) (actual time=1.158..4.827 rows=18163 loops=2)
                                             Recheck Cond: ((date >= '1970-09-15'::date) AND (date <= '1997-11-06'::date))
                                             Heap Blocks: exact=219
                                             Buffers: shared hit=428 read=102
                                             ->  Bitmap Index Scan on teste_movies_date  (cost=0.00..766.69 rows=36227 width=0) (actual time=2.215..2.215 rows=36326 loops=1)
                                                   Index Cond: ((date >= '1970-09-15'::date) AND (date <= '1997-11-06'::date))
                                                   Buffers: shared read=102
                           ->  Index Only Scan using casts_pkey on casts c  (cost=0.43..2.54 rows=16 width=20) (actual time=0.032..0.042 rows=12 loops=6385)
                                 Index Cond: (movie_id = m.id)
                                 Heap Fetches: 79723
                                 Buffers: shared hit=37631 read=3214 written=1
                     ->  Parallel Hash  (cost=3389.12..3389.12 rows=157212 width=22) (actual time=111.726..111.727 rows=133630 loops=2)
                           Buckets: 65536  Batches: 8  Memory Usage: 2432kB
                           Buffers: shared hit=684 read=1133, temp written=1332
                           ->  Parallel Seq Scan on people p  (cost=0.00..3389.12 rows=157212 width=22) (actual time=0.015..43.062 rows=133630 loops=2)
                                 Buffers: shared hit=684 read=1133
 Planning Time: 1.380 ms
 Execution Time: 719.962 ms
(48 rows)

