                                                                                 QUERY PLAN                                                                                  
-----------------------------------------------------------------------------------------------------------------------------------------------------------------------------
 GroupAggregate  (cost=50285.13..52179.31 rows=75767 width=65) (actual time=836.710..905.939 rows=5797 loops=1)
   Group Key: m.date, i.movie_id, i.name
   Buffers: shared hit=11158 read=3969, temp read=2637 written=2700
   ->  Sort  (cost=50285.13..50474.55 rows=75767 width=51) (actual time=836.604..864.344 rows=79723 loops=1)
         Sort Key: m.date DESC, i.movie_id, i.name
         Sort Method: external merge  Disk: 5008kB
         Buffers: shared hit=11151 read=3969, temp read=2637 written=2700
         ->  Gather  (cost=15230.91..41554.49 rows=75767 width=51) (actual time=649.302..793.757 rows=79723 loops=1)
               Workers Planned: 2
               Workers Launched: 2
               Buffers: shared hit=11142 read=3969, temp read=2011 written=2072
               ->  Parallel Hash Join  (cost=14230.91..32977.79 rows=31570 width=51) (actual time=654.616..683.970 rows=26574 loops=3)
                     Hash Cond: (c.person_id = p.id)
                     Buffers: shared hit=11142 read=3969, temp read=2011 written=2072
                     ->  Parallel Hash Join  (cost=7954.64..24919.42 rows=31570 width=45) (actual time=100.102..491.121 rows=26574 loops=3)
                           Hash Cond: (c.movie_id = i.movie_id)
                           Buffers: shared hit=9161 read=3969
                           ->  Parallel Seq Scan on casts c  (cost=0.00..13428.48 rows=446748 width=20) (actual time=0.018..166.593 rows=357398 loops=3)
                                 Buffers: shared hit=4992 read=3969
                           ->  Parallel Hash  (cost=7906.83..7906.83 rows=3825 width=41) (actual time=94.172..94.557 rows=2128 loops=3)
                                 Buckets: 8192  Batches: 1  Memory Usage: 576kB
                                 Buffers: shared hit=4169
                                 ->  Parallel Hash Join  (cost=4217.83..7906.83 rows=3825 width=41) (actual time=47.679..93.095 rows=2128 loops=3)
                                       Hash Cond: (i.movie_id = m.id)
                                       Buffers: shared hit=4169
                                       ->  Parallel Seq Scan on movie_aliases_iso i  (cost=0.00..3590.68 rows=20218 width=29) (actual time=0.021..41.707 rows=11356 loops=3)
                                             Filter: (language = 'fr'::text)
                                             Rows Removed by Filter: 64970
                                             Buffers: shared hit=1907
                                       ->  Parallel Hash  (cost=3951.46..3951.46 rows=21310 width=12) (actual time=40.655..40.657 rows=12109 loops=3)
                                             Buckets: 65536  Batches: 1  Memory Usage: 2272kB
                                             Buffers: shared hit=2262
                                             ->  Parallel Seq Scan on movies m  (cost=0.00..3951.46 rows=21310 width=12) (actual time=0.024..36.858 rows=12109 loops=3)
                                                   Filter: ((date >= '1970-09-15'::date) AND (date <= '1997-11-06'::date))
                                                   Rows Removed by Filter: 51715
                                                   Buffers: shared hit=2262
                     ->  Parallel Hash  (cost=3389.12..3389.12 rows=157212 width=22) (actual time=118.094..118.095 rows=89087 loops=3)
                           Buckets: 65536  Batches: 8  Memory Usage: 2464kB
                           Buffers: shared hit=1817, temp written=1344
                           ->  Parallel Seq Scan on people p  (cost=0.00..3389.12 rows=157212 width=22) (actual time=0.015..62.013 rows=89087 loops=3)
                                 Buffers: shared hit=1817
 Planning Time: 0.849 ms
 Execution Time: 908.565 ms
(43 rows)

