                                                                              QUERY PLAN                                                                               
-----------------------------------------------------------------------------------------------------------------------------------------------------------------------
 GroupAggregate  (cost=43765.80..45659.98 rows=75767 width=65) (actual time=573.771..644.588 rows=5797 loops=1)
   Group Key: m.date, i.movie_id, i.name
   Buffers: shared hit=45551 read=1338, temp read=2631 written=2692
   ->  Sort  (cost=43765.80..43955.22 rows=75767 width=51) (actual time=573.691..601.925 rows=79723 loops=1)
         Sort Key: m.date DESC, i.movie_id, i.name
         Sort Method: external merge  Disk: 5008kB
         Buffers: shared hit=45544 read=1338, temp read=2631 written=2692
         ->  Gather  (cost=11494.53..35035.16 rows=75767 width=51) (actual time=399.117..523.179 rows=79723 loops=1)
               Workers Planned: 1
               Workers Launched: 1
               Buffers: shared hit=45535 read=1338, temp read=2005 written=2064
               ->  Parallel Hash Join  (cost=10494.53..26458.46 rows=44569 width=51) (actual time=379.484..417.575 rows=39862 loops=2)
                     Hash Cond: (c.person_id = p.id)
                     Buffers: shared hit=45535 read=1338, temp read=2005 written=2064
                     ->  Nested Loop  (cost=4218.26..18359.19 rows=44569 width=45) (actual time=44.934..241.344 rows=39862 loops=2)
                           Join Filter: (i.movie_id = c.movie_id)
                           Buffers: shared hit=45014
                           ->  Parallel Hash Join  (cost=4217.83..7861.58 rows=3825 width=41) (actual time=44.891..107.657 rows=3192 loops=2)
                                 Hash Cond: (i.movie_id = m.id)
                                 Buffers: shared hit=4169
                                 ->  Parallel Seq Scan on movie_aliases_iso i  (cost=0.00..3590.68 rows=20218 width=29) (actual time=0.023..42.302 rows=17034 loops=2)
                                       Filter: (language = 'fr'::text)
                                       Rows Removed by Filter: 97456
                                       Buffers: shared hit=1907
                                 ->  Parallel Hash  (cost=3951.46..3951.46 rows=21310 width=12) (actual time=38.159..38.160 rows=18163 loops=2)
                                       Buckets: 65536  Batches: 1  Memory Usage: 2240kB
                                       Buffers: shared hit=2262
                                       ->  Parallel Seq Scan on movies m  (cost=0.00..3951.46 rows=21310 width=12) (actual time=0.019..33.752 rows=18163 loops=2)
                                             Filter: ((date >= '1970-09-15'::date) AND (date <= '1997-11-06'::date))
                                             Rows Removed by Filter: 77573
                                             Buffers: shared hit=2262
                           ->  Index Only Scan using casts_pkey on casts c  (cost=0.43..2.54 rows=16 width=20) (actual time=0.026..0.039 rows=12 loops=6385)
                                 Index Cond: (movie_id = m.id)
                                 Heap Fetches: 79723
                                 Buffers: shared hit=40845
                     ->  Parallel Hash  (cost=3389.12..3389.12 rows=157212 width=22) (actual time=107.820..107.821 rows=133630 loops=2)
                           Buckets: 65536  Batches: 8  Memory Usage: 2432kB
                           Buffers: shared hit=479 read=1338, temp written=1344
                           ->  Parallel Seq Scan on people p  (cost=0.00..3389.12 rows=157212 width=22) (actual time=0.018..45.657 rows=133630 loops=2)
                                 Buffers: shared hit=479 read=1338
 Planning Time: 2.200 ms
 Execution Time: 646.675 ms
(42 rows)

